[2024-04-23T20:08:24.772+0000] {local_task_job_runner.py:120} INFO - ::group::Pre task execution logs
[2024-04-23T20:08:24.786+0000] {taskinstance.py:2073} INFO - Dependencies all met for dep_context=non-requeueable deps ti=<TaskInstance: monthly_report.transform manual__2024-04-23T20:08:22.799735+00:00 [queued]>
[2024-04-23T20:08:24.794+0000] {taskinstance.py:2073} INFO - Dependencies all met for dep_context=requeueable deps ti=<TaskInstance: monthly_report.transform manual__2024-04-23T20:08:22.799735+00:00 [queued]>
[2024-04-23T20:08:24.795+0000] {taskinstance.py:2303} INFO - Starting attempt 1 of 1
[2024-04-23T20:08:24.806+0000] {taskinstance.py:2327} INFO - Executing <Task(PythonOperator): transform> on 2024-04-23 20:08:22.799735+00:00
[2024-04-23T20:08:24.810+0000] {warnings.py:110} WARNING - /home/***/.local/lib/python3.12/site-packages/***/task/task_runner/standard_task_runner.py:61: DeprecationWarning: This process (pid=2932) is multi-threaded, use of fork() may lead to deadlocks in the child.
  pid = os.fork()

[2024-04-23T20:08:24.813+0000] {standard_task_runner.py:63} INFO - Started process 2934 to run task
[2024-04-23T20:08:24.813+0000] {standard_task_runner.py:90} INFO - Running: ['***', 'tasks', 'run', 'monthly_report', 'transform', 'manual__2024-04-23T20:08:22.799735+00:00', '--job-id', '12', '--raw', '--subdir', 'DAGS_FOLDER/homework2.py', '--cfg-path', '/tmp/tmprsdp3345']
[2024-04-23T20:08:24.815+0000] {standard_task_runner.py:91} INFO - Job 12: Subtask transform
[2024-04-23T20:08:24.847+0000] {task_command.py:426} INFO - Running <TaskInstance: monthly_report.transform manual__2024-04-23T20:08:22.799735+00:00 [running]> on host 96e40b232902
[2024-04-23T20:08:24.909+0000] {taskinstance.py:2644} INFO - Exporting env vars: AIRFLOW_CTX_DAG_OWNER='***' AIRFLOW_CTX_DAG_ID='monthly_report' AIRFLOW_CTX_TASK_ID='transform' AIRFLOW_CTX_EXECUTION_DATE='2024-04-23T20:08:22.799735+00:00' AIRFLOW_CTX_TRY_NUMBER='1' AIRFLOW_CTX_DAG_RUN_ID='manual__2024-04-23T20:08:22.799735+00:00'
[2024-04-23T20:08:24.911+0000] {taskinstance.py:430} INFO - ::endgroup::
[2024-04-23T20:08:24.912+0000] {taskinstance.py:441} INFO - ::group::Post task execution logs
[2024-04-23T20:08:24.912+0000] {taskinstance.py:2890} ERROR - Task failed with exception
Traceback (most recent call last):
  File "/home/airflow/.local/lib/python3.12/site-packages/airflow/models/taskinstance.py", line 465, in _execute_task
    result = _execute_callable(context=context, **execute_callable_kwargs)
             ^^^^^^^^^^^^^^^^^^^^^^^^^^^^^^^^^^^^^^^^^^^^^^^^^^^^^^^^^^^^^
  File "/home/airflow/.local/lib/python3.12/site-packages/airflow/models/taskinstance.py", line 432, in _execute_callable
    return execute_callable(context=context, **execute_callable_kwargs)
           ^^^^^^^^^^^^^^^^^^^^^^^^^^^^^^^^^^^^^^^^^^^^^^^^^^^^^^^^^^^^
  File "/home/airflow/.local/lib/python3.12/site-packages/airflow/models/baseoperator.py", line 400, in wrapper
    return func(self, *args, **kwargs)
           ^^^^^^^^^^^^^^^^^^^^^^^^^^^
  File "/home/airflow/.local/lib/python3.12/site-packages/airflow/operators/python.py", line 235, in execute
    return_value = self.execute_callable()
                   ^^^^^^^^^^^^^^^^^^^^^^^
  File "/home/airflow/.local/lib/python3.12/site-packages/airflow/operators/python.py", line 252, in execute_callable
    return self.python_callable(*self.op_args, **self.op_kwargs)
           ^^^^^^^^^^^^^^^^^^^^^^^^^^^^^^^^^^^^^^^^^^^^^^^^^^^^^
TypeError: transfrom() missing 1 required positional argument: 'date'
[2024-04-23T20:08:24.920+0000] {taskinstance.py:1205} INFO - Marking task as FAILED. dag_id=monthly_report, task_id=transform, execution_date=20240423T200822, start_date=20240423T200824, end_date=20240423T200824
[2024-04-23T20:08:24.928+0000] {standard_task_runner.py:110} ERROR - Failed to execute job 12 for task transform (transfrom() missing 1 required positional argument: 'date'; 2934)
[2024-04-23T20:08:24.954+0000] {local_task_job_runner.py:240} INFO - Task exited with return code 1
[2024-04-23T20:08:24.968+0000] {taskinstance.py:3482} INFO - 0 downstream tasks scheduled from follow-on schedule check
[2024-04-23T20:08:24.969+0000] {local_task_job_runner.py:222} INFO - ::endgroup::
